<?xml version="1.0" encoding="UTF-8"?>
<testng-results ignored="0" total="2" passed="1" failed="1" skipped="0">
  <reporter-output>
  </reporter-output>
  <suite started-at="2022-11-06T08:23:22 EST" name="Suite" finished-at="2022-11-06T08:23:23 EST" duration-ms="395">
    <groups>
    </groups>
    <test started-at="2022-11-06T08:23:22 EST" name="Login Test" finished-at="2022-11-06T08:23:23 EST" duration-ms="357">
      <class name="extentReport.LoginTest">
        <test-method is-config="true" signature="init()[pri:0, instance:extentReport.LoginTest@3d5c822d]" started-at="2022-11-06T08:23:22 EST" name="init" finished-at="2022-11-06T08:23:22 EST" duration-ms="162" status="PASS">
          <reporter-output>
          </reporter-output>
        </test-method> <!-- init -->
        <test-method signature="Login()[pri:0, instance:extentReport.LoginTest@3d5c822d]" started-at="2022-11-06T08:23:22 EST" name="Login" finished-at="2022-11-06T08:23:22 EST" duration-ms="6" status="FAIL">
          <exception class="java.lang.AssertionError">
            <message>
              <![CDATA[null]]>
            </message>
            <full-stacktrace>
              <![CDATA[java.lang.AssertionError: null
at org.testng.Assert.fail(Assert.java:110)
at org.testng.Assert.fail(Assert.java:115)
at extentReport.LoginTest.Login(LoginTest.java:39)
at java.base/jdk.internal.reflect.NativeMethodAccessorImpl.invoke0(Native Method)
at java.base/jdk.internal.reflect.NativeMethodAccessorImpl.invoke(NativeMethodAccessorImpl.java:64)
at java.base/jdk.internal.reflect.DelegatingMethodAccessorImpl.invoke(DelegatingMethodAccessorImpl.java:43)
at java.base/java.lang.reflect.Method.invoke(Method.java:564)
at org.testng.internal.invokers.MethodInvocationHelper.invokeMethod(MethodInvocationHelper.java:139)
at org.testng.internal.invokers.TestInvoker.invokeMethod(TestInvoker.java:677)
at org.testng.internal.invokers.TestInvoker.invokeTestMethod(TestInvoker.java:221)
at org.testng.internal.invokers.MethodRunner.runInSequence(MethodRunner.java:50)
at org.testng.internal.invokers.TestInvoker$MethodInvocationAgent.invoke(TestInvoker.java:962)
at org.testng.internal.invokers.TestInvoker.invokeTestMethods(TestInvoker.java:194)
at org.testng.internal.invokers.TestMethodWorker.invokeTestMethods(TestMethodWorker.java:148)
at org.testng.internal.invokers.TestMethodWorker.run(TestMethodWorker.java:128)
at java.base/java.util.ArrayList.forEach(ArrayList.java:1511)
at org.testng.TestRunner.privateRun(TestRunner.java:806)
at org.testng.TestRunner.run(TestRunner.java:601)
at org.testng.SuiteRunner.runTest(SuiteRunner.java:433)
at org.testng.SuiteRunner.runSequentially(SuiteRunner.java:427)
at org.testng.SuiteRunner.privateRun(SuiteRunner.java:387)
at org.testng.SuiteRunner.run(SuiteRunner.java:330)
at org.testng.SuiteRunnerWorker.runSuite(SuiteRunnerWorker.java:52)
at org.testng.SuiteRunnerWorker.run(SuiteRunnerWorker.java:95)
at org.testng.TestNG.runSuitesSequentially(TestNG.java:1256)
at org.testng.TestNG.runSuitesLocally(TestNG.java:1176)
at org.testng.TestNG.runSuites(TestNG.java:1099)
at org.testng.TestNG.run(TestNG.java:1067)
at org.testng.remote.AbstractRemoteTestNG.run(AbstractRemoteTestNG.java:115)
at org.testng.remote.RemoteTestNG.initAndRun(RemoteTestNG.java:251)
at org.testng.remote.RemoteTestNG.main(RemoteTestNG.java:77)
]]>
            </full-stacktrace>
          </exception> <!-- java.lang.AssertionError -->
          <reporter-output>
          </reporter-output>
        </test-method> <!-- Login -->
        <test-method is-config="true" signature="quit()[pri:0, instance:extentReport.LoginTest@3d5c822d]" started-at="2022-11-06T08:23:22 EST" name="quit" finished-at="2022-11-06T08:23:23 EST" duration-ms="164" status="PASS">
          <reporter-output>
          </reporter-output>
        </test-method> <!-- quit -->
      </class> <!-- extentReport.LoginTest -->
    </test> <!-- Login Test -->
    <test started-at="2022-11-06T08:23:23 EST" name="Reg Test" finished-at="2022-11-06T08:23:23 EST" duration-ms="16">
      <class name="extentReport.RegTest">
        <test-method is-config="true" signature="init()[pri:0, instance:extentReport.RegTest@53ce1329]" started-at="2022-11-06T08:23:23 EST" name="init" finished-at="2022-11-06T08:23:23 EST" duration-ms="1" status="PASS">
          <reporter-output>
          </reporter-output>
        </test-method> <!-- init -->
        <test-method signature="doRegister()[pri:0, instance:extentReport.RegTest@53ce1329]" started-at="2022-11-06T08:23:23 EST" name="doRegister" finished-at="2022-11-06T08:23:23 EST" duration-ms="1" status="PASS">
          <reporter-output>
          </reporter-output>
        </test-method> <!-- doRegister -->
        <test-method is-config="true" signature="quit()[pri:0, instance:extentReport.RegTest@53ce1329]" started-at="2022-11-06T08:23:23 EST" name="quit" finished-at="2022-11-06T08:23:23 EST" duration-ms="11" status="PASS">
          <reporter-output>
          </reporter-output>
        </test-method> <!-- quit -->
      </class> <!-- extentReport.RegTest -->
    </test> <!-- Reg Test -->
  </suite> <!-- Suite -->
</testng-results>
